Working: Cmos-Memory Map
	../../../source/Cmos-Memory Map/CMOS 0Eh IBM PS 2 DIAGNOSTIC STATUS BYTE.txt
	../../../source/Cmos-Memory Map/CMOS 22h PHOENIX First user defined hard disk type 48 of Heads.txt
	../../../source/Cmos-Memory Map/CMOS 2Bh AWARD 1st Hard Disk user defined type 49 Landing Zone Low Byte.txt
	../../../source/Cmos-Memory Map/CMOS 34h3Ah AWARD unused Defaults to all FFh s.txt
	../../../source/Cmos-Memory Map/CMOS 48h4Fh AWARD unused Defaults to all FFh s.txt
File header not terminated: ../../../source/Glossary/Post.txt
File header not terminated: ../../../source/Glossary/WORM.txt
Working: Interrupt List
	../../../source/Interrupt List/INT 10 VIDEO CPUgenerated 80286/INT 1005 VIDEO SELECT ACTIVE DISPLAY PAGE.txt
	../../../source/Interrupt List/INT 10 VIDEO CPUgenerated 80286/INT 106F07 VIDEO Video7 VGAVEGA VGA GET VIDEO MEMORY CONFIGURATION.txt
	../../../source/Interrupt List/INT 16 KEYBOARD/INT 16E003 AMI BIOS BIOSFLASH Interface RESTORE CHIPSET STATUS.txt
	../../../source/Interrupt List/INT 2F Multiplex/PC Tools/INT 2F6284BX0000 PC Tools v78 DATAMON v9 DPROTECT INSTALLATION CHECK.txt
	../../../source/Interrupt List/INT 33 MS MOUSE/INT 330006 CuteMouse Get button release or wheel movement.txt
	../../../source/Interrupt List/INT 41 SYSTEM DATA HARD DISK 0 PARAMETER TABLE CPU MS Windows/INT 410060 MS Windows debugging kernel END OF SEGMENT LOAD.txt
	../../../source/Interrupt List/INT 7F multiple purposes/INT 7F14CL00 Alloy NTNX MW386 SET RECEIVE ISR.txt
Working: Memory Map
	../../../source/Memory Map/MEM 0040h 0069h CASSETTE PC only CASSETTE CRC REGISTER.txt
	../../../source/Memory Map/MEM 0040h 0076h FIXED DISK CONTROL BYTE IBM documented only for XT.txt
	../../../source/Memory Map/MEM 0040h 0077h FIXED DISK I O port offset IBM documented only for XT.txt
	../../../source/Memory Map/MEM 0040h 00B0h 1988 Phoenix 386 BIOS 1 10 03 PARAMS FOR TYPE 48 HARD DISK.txt
	../../../source/Memory Map/MEM 0040h 00B4h RESERVED.txt
	../../../source/Memory Map/MEM 0040h 00B5h Dell 4xxDE.txt
	../../../source/Memory Map/MEM 0040h 00B6h RESERVED FOR POST.txt
	../../../source/Memory Map/MEM 0040h 00C0h 1988 Phoenix 386 BIOS 1 10 03 PARAMS FOR TYPE 49 HARD DISK.txt
	../../../source/Memory Map/MEM 0040h 00C0h RESERVED.txt
	../../../source/Memory Map/MEM 0040h 00CEh COUNT OF DAYS SINCE LAST BOOT.txt
	../../../source/Memory Map/MEM 0040h 00D0h AMI BIOS v1 00 12 AX1T EPP SCRATCH SPACE.txt
	../../../source/Memory Map/MEM 0040h 00D0h Digiboard MV 4 LENGTH OF DATA TABLE.txt
	../../../source/Memory Map/MEM 0040h 00D0h EHD floppy INSTALLATION FLAGS.txt
	../../../source/Memory Map/MEM 0040h 00D1h Digiboard MV 4 PRODUCT ID.txt
	../../../source/Memory Map/MEM 0040h 00D2h AMI BIOS v1 00 12 AX1T EPP BASE I O PORT.txt
	../../../source/Memory Map/MEM 0040h 00D2h Digiboard MV 4 BASE ADDRESS FOUND.txt
	../../../source/Memory Map/MEM 0040h 00D4h Digiboard MV 4 PORTS.txt
	../../../source/Memory Map/MEM 0040h 00D5h AMI BIOS v1 00 12 AX1T EPP PARALLEL PORT 0 CAPABILITIES.txt
	../../../source/Memory Map/MEM 0040h 00D5h Digiboard MV 4 IRQ.txt
	../../../source/Memory Map/MEM 0040h 00D5h EHD floppy NUMBER OF FLOPPY DISK CONTROLLERS IN SYSTEM.txt
	../../../source/Memory Map/MEM 0040h 00D6h AMI BIOS v1 00 12 AX1T EPP PARALLEL PORT 0 IRQ.txt
	../../../source/Memory Map/MEM 0040h 00D6h EHD floppy ANDBITS TO ADJUST PORT ADDRESS.txt
	../../../source/Memory Map/MEM 0040h 00D7h AMI BIOS v1 00 12 AX1T EPP PARALLEL PORT 1 CAPABILITIES.txt
	../../../source/Memory Map/MEM 0040h 00DCh AMI BIOS v1 00 12 AX1T EPP PARALLEL PORT 0 MODE.txt
	../../../source/Memory Map/MEM 0040h 00DCh AMI BIOS v1 00 12 AX1T EPP PARALLEL PORT 1 MODE.txt
	../../../source/Memory Map/MEM 0040h 00DFh AMI BIOS v1 00 12 AX1T EPP PARALLEL PORT LOCK STATE.txt
	../../../source/Memory Map/MEM 0040h 00E0h AMI BIOS v1 00 12 AX1T EPP REALTIME DEVICE COUNT.txt
	../../../source/Memory Map/MEM C0000000h Weitek Abacus math coprocessor.txt
	../../../source/Memory Map/MEM C000h 0000h OLIVETTI 640x400 GRAPHICS CARDS.txt
	../../../source/Memory Map/MEM F000h 800Ch ZENITH.txt
Working: Ports List
	../../../source/Ports List/PORT 01400157 RTC alternate Real Time Clock for XT 1st at 03400357.txt
	../../../source/Ports List/PORT 0140015F Adaptec AHA152x SCSI adapter.txt
	../../../source/Ports List/PORT 015F ARTEC Handyscanner A400Z alternate address at 35F.txt
	../../../source/Ports List/PORT 01700177 HDC 2 2nd Fixed Disk Controller ISA EISA.txt
	../../../source/Ports List/PORT 01F001F7 HDC 1 1st Fixed Disk Controller ISA EISA.txt
	../../../source/Ports List/PORT 02400257 RTC alternate Real Time Clock for XT 1st at 03400357.txt
	../../../source/Ports List/PORT 02600268 LPT port address on the UniRAM card by German magazine c t.txt
	../../../source/Ports List/PORT 02800288 nonstandard COM port addresses V20XT by German magazine c t.txt
	../../../source/Ports List/PORT 0288028F nonstandard COM port addresses V20XT by German magazine c t.txt
	../../../source/Ports List/PORT 02B002DF alternate EGA primary EGA at 03C0.txt
	../../../source/Ports List/PORT 02E002EF data aquisition AT.txt
	../../../source/Ports List/PORT 03200323 XT HDC 1 Hard Disk Controller.txt
	../../../source/Ports List/PORT 03240327 XT HDC 2 Hard Disk Controller.txt
	../../../source/Ports List/PORT 0328032B XT HDC 3 Hard Disk Controller.txt
	../../../source/Ports List/PORT 032C032F XT HDC 4 Hard Disk Controller.txt
	../../../source/Ports List/PORT 0340035F Adaptec AHA152x SCSI adapter.txt
	../../../source/Ports List/PORT 035F ARTEC Handyscanner A400Z alternate address at 15F.txt
	../../../source/Ports List/PORT 03700377 FDC 2 2nd Floppy Disk Controller first FDC at 03F0.txt
	../../../source/Ports List/PORT 03B003BF MDA Monochrome Display Adapter based on 6845.txt
	../../../source/Ports List/PORT 03E003E7 LPT port address on the UniRAM card by German magazine c t.txt
	../../../source/Ports List/PORT 03F003F7 FDC 1 1st Floppy Disk Controller second FDC at 0370.txt
	../../../source/Ports List/PORT 0C7C bit 74 Compaq.txt
	../../../source/Ports List/PORT 1C001CBF Adaptec AIC777x EISA SCSI controller in EISA slot 1.txt
	../../../source/Ports List/PORT 2110211F IBM XGA eXtended Graphics Adapter 8514 A second installed.txt
	../../../source/Ports List/PORT 2120212F IBM XGA eXtended Graphics Adapter 8514 A third installed.txt
	../../../source/Ports List/PORT 2130213F IBM XGA eXtended Graphics Adapter 8514 A fourth installed.txt
	../../../source/Ports List/PORT 2140214F IBM XGA eXtended Graphics Adapter 8514 A fifth installed.txt
	../../../source/Ports List/PORT 2150215F IBM XGA eXtended Graphics Adapter 8514 A sixth installed.txt
	../../../source/Ports List/PORT 2C002CBF Adaptec AIC777x EISA SCSI controller in EISA slot 2.txt
	../../../source/Ports List/PORT 3C003CBF Adaptec AIC777x EISA SCSI controller in EISA slot 3.txt
	../../../source/Ports List/PORT 4C004CBF Adaptec AIC777x EISA SCSI controller in EISA slot 4.txt
	../../../source/Ports List/PORT 4C804C83 EISA board product ID board in slot 4.txt
	../../../source/Ports List/PORT 5C005CBF Adaptec AIC777x EISA SCSI controller in EISA slot 5.txt
	../../../source/Ports List/PORT 5C805C83 EISA board product ID board in slot 5.txt
	../../../source/Ports List/PORT 6C006CBF Adaptec AIC777x EISA SCSI controller in EISA slot 6.txt
	../../../source/Ports List/PORT 7C007CBF Adaptec AIC777x EISA SCSI controller in EISA slot 7.txt
	../../../source/Ports List/PORT A220 soundblaster support in AMI HiFlex BIOS.txt
	../../../source/Ports List/PORT xxxx Adaptec AIC78xx PCI SCSI controller.txt
80 files updated
