RBIL to Source Files Convertor v1.0.0
Copyright (c) 2025-2026 Jerome Shidel
BSD 3-Clause License

Delete current "TheList" sources directory.
Create new "TheList" sources directory.
Copied "_ADVERT.TXT" document to "Miscellaneous/Advertisement.txt"
Copied "INTERRUP.PRI" document to "Miscellaneous/Interrupt Primer.txt"
Copied "NEEDHELP.TXT" document to "Miscellaneous/Need Help.txt"
Copied "RBROWN.TXT" document to "Miscellaneous/Ralf Brown.txt"
Copied "README.NOW" document to "Miscellaneous/Read Me Now.txt"
Copied "faq.lst" document to "Miscellaneous/FAQ.txt"
Processing: CATEGORY.KEY, 36 lines, Category
Processing: GLOSSARY.LST, 1074 lines, Glossary
Warning: Appending existing file: POST.txt
Warning: Appending existing file: worm.txt
Processing: OVERVIEW.LST, 262 lines, Overview
Processing: INTERRUP.1ST, 1629 lines, Interrupt List
Added 22 abbreviation entries
Warning: Appending existing file: _Addresses.txt
Processing: INTERRUP.A, 9492 lines, Interrupt List
Warning: Appending existing file: _Header.txt
Warning: Appending existing file: _Filelist.txt
Warning: Appending existing file: _Contact Info.txt
Warning: Appending existing file: _Disclaimer.txt
Added 6 flag classifications
Added 46 category classifications
Warning: Appending existing file: INT 03 CPUgenerated BREAKPOINT/INT 030900 SoftICE v280 BACK DOOR COMMANDS.txt
Processing: INTERRUP.B, 9839 lines, Interrupt List
Warning: Appending existing file: _Header.txt
Processing: INTERRUP.C, 9446 lines, Interrupt List
Warning: Appending existing file: _Header.txt
Warning: Appending existing file: _Note.txt
Processing: INTERRUP.D, 7948 lines, Interrupt List
Warning: Appending existing file: _Header.txt
Processing: INTERRUP.E, 10000 lines, Interrupt List
Warning: Appending existing file: _Header.txt
Processing: INTERRUP.F, 7470 lines, Interrupt List
Warning: Appending existing file: _Header.txt
Processing: INTERRUP.G, 9112 lines, Interrupt List
Warning: Appending existing file: _Header.txt
Processing: INTERRUP.H, 7322 lines, Interrupt List
Warning: Appending existing file: _Header.txt
Processing: INTERRUP.I, 3714 lines, Interrupt List
Warning: Appending existing file: _Header.txt
Processing: INTERRUP.J, 9201 lines, Interrupt List
Warning: Appending existing file: _Header.txt
Processing: INTERRUP.K, 6210 lines, Interrupt List
Warning: Appending existing file: _Header.txt
Processing: INTERRUP.L, 9449 lines, Interrupt List
Warning: Appending existing file: _Header.txt
Processing: INTERRUP.M, 9968 lines, Interrupt List
Warning: Appending existing file: _Header.txt
Warning: Appending existing file: INT 2F Multiplex/INT 2FD1 MDEBUG command driver RESERVED FUNCTIONS.txt
Processing: INTERRUP.N, 9514 lines, Interrupt List
Warning: Appending existing file: _Header.txt
Warning: Appending existing file: INT 2F Multiplex/INT 2FFA00 Multiplex INSTALLATION CHECK.txt
Warning: Appending existing file: INT 2F Multiplex/INT 2FFB AutoBraille v11A SET.txt
Warning: Appending existing file: INT 2F Multiplex/INT 2FFB AutoBraille v11A SET.txt
Warning: Appending existing file: INT 2F Multiplex/INT 2FFB AutoBraille v11A SET.txt
Warning: Appending existing file: INT 2F Multiplex/INT 2FFE00BX4454 PCNFS INSTALLATION CHECK.txt
Processing: INTERRUP.O, 8246 lines, Interrupt List
Warning: Appending existing file: _Header.txt
Processing: INTERRUP.P, 9205 lines, Interrupt List
Warning: Appending existing file: _Header.txt
Warning: Appending existing file: INT 65 reserved for user interrupt multiple purposes/INT 65DX4147 NetSoft DOSNET v120 API.txt
Warning: Appending existing file: INT 65 reserved for user interrupt multiple purposes/INT 65DX4147 NetSoft DOSNET v120 API.txt
Warning: Appending existing file: INT 65 reserved for user interrupt multiple purposes/INT 65DX4147 NetSoft DOSNET v120 API.txt
Warning: Appending existing file: INT 65 reserved for user interrupt multiple purposes/INT 65DX4147 NetSoft DOSNET v120 API.txt
Warning: Appending existing file: INT 65 reserved for user interrupt multiple purposes/INT 65DX4741 NetSoft DOSNET v120 PRNREDIR.txt
Processing: INTERRUP.Q, 9866 lines, Interrupt List
Warning: Appending existing file: _Header.txt
Processing: INTERRUP.R, 5171 lines, Interrupt List
Warning: Appending existing file: _Header.txt
Warning: Appending existing file: _Filelist.txt
Warning: Appending existing file: _Contact Info.txt
Processing: PORTS.A, 9789 lines, Ports List
Processing: PORTS.B, 9548 lines, Ports List
Warning: Appending existing file: _Header.txt
Warning: Appending existing file: _Note.txt
Processing: PORTS.C, 4556 lines, Ports List
Warning: Appending existing file: _Header.txt
Processing: CMOS.LST, 2015 lines, Cmos-Memory Map
Warning: Appending existing file: _Note.txt
Warning: Appending existing file: _Note.txt
Warning: Appending existing file: _Note.txt
Warning: Appending existing file: _Note.txt
Processing: FARCALL.LST, 2178 lines, Far Call Interface List
Processing: I2C.LST, 3563 lines, I2C-Bus Devices
Processing: MEMORY.LST, 3606 lines, Memory Map
Processing: MSR.LST, 2190 lines, Model-Specific Registers
Processing: BIBLIO.LST, 1259 lines, Bibliography
Processing: TABLES.LST, 184 lines, Selected Tables
Processing: SMM.LST, 291 lines, System-Management Mode
Total sections: 11113
